*** Starting uWSGI 2.0.18 (64bit) on [Fri Apr 17 22:34:09 2020] ***
compiled with version: 8.3.0 on 16 January 2020 05:06:40
os: Linux-5.3.0-7648-generic #41~1586789791~19.10~9593806-Ubuntu SMP Mon Apr 13 17:50:40 UTC 
nodename: e88e308c7c39
machine: x86_64
clock source: unix
detected number of CPU cores: 12
current working directory: /kb/deployment
detected binary path: /usr/local/bin/uwsgi
!!! no internal routing support, rebuild with pcre support !!!
uWSGI running as root, you can use --uid/--gid/--chroot options
*** WARNING: you are running uWSGI as root !!! (use the --uid flag) *** 
your memory page size is 4096 bytes
detected max file descriptor number: 1048576
lock engine: pthread robust mutexes
thunder lock: disabled (you can enable it with --thunder-lock)
uWSGI http bound on :5000 fd 4
uwsgi socket 0 bound to TCP address 127.0.0.1:36855 (port auto-assigned) fd 3
uWSGI running as root, you can use --uid/--gid/--chroot options
*** WARNING: you are running uWSGI as root !!! (use the --uid flag) *** 
Python version: 2.7.17 (default, Dec 28 2019, 07:57:47)  [GCC 8.3.0]
Python main interpreter initialized at 0x5654aee92ab0
uWSGI running as root, you can use --uid/--gid/--chroot options
*** WARNING: you are running uWSGI as root !!! (use the --uid flag) *** 
python threads support enabled
your server socket listen backlog is limited to 100 connections
your mercy for graceful operations on workers is 60 seconds
mapped 687984 bytes (671 KB) for 25 cores
*** Operational MODE: preforking+threaded ***
WSGI app 0 (mountpoint='') ready in 0 seconds on interpreter 0x5654aee92ab0 pid: 1 (default app)
uWSGI running as root, you can use --uid/--gid/--chroot options
*** WARNING: you are running uWSGI as root !!! (use the --uid flag) *** 
*** uWSGI is running in multiple interpreter mode ***
spawned uWSGI master process (pid: 1)
spawned uWSGI worker 1 (pid: 11, cores: 5)
spawned uWSGI worker 2 (pid: 12, cores: 5)
spawned uWSGI worker 3 (pid: 17, cores: 5)
spawned uWSGI worker 4 (pid: 22, cores: 5)
spawned uWSGI worker 5 (pid: 23, cores: 5)
spawned uWSGI http 1 (pid: 24)

WARNING: rancher-compose (=/usr/bin/rancher-compose) command not found.  Set absolute location with "rancher-compose-bin" configuration.
